Release 14.7 - xst P.20131013 (nt64)
Copyright (c) 1995-2013 Xilinx, Inc.  All rights reserved.
--> Parameter TMPDIR set to xst/projnav.tmp


Total REAL time to Xst completion: 0.00 secs
Total CPU time to Xst completion: 0.11 secs
 
--> Parameter xsthdpdir set to xst


Total REAL time to Xst completion: 0.00 secs
Total CPU time to Xst completion: 0.11 secs
 
--> Reading design: LFSR_top.prj

TABLE OF CONTENTS
  1) Synthesis Options Summary
  2) HDL Compilation
  3) Design Hierarchy Analysis
  4) HDL Analysis
  5) HDL Synthesis
     5.1) HDL Synthesis Report
  6) Advanced HDL Synthesis
     6.1) Advanced HDL Synthesis Report
  7) Low Level Synthesis
  8) Partition Report
  9) Final Report
	9.1) Device utilization summary
	9.2) Partition Resource Summary
	9.3) TIMING REPORT


=========================================================================
*                      Synthesis Options Summary                        *
=========================================================================
---- Source Parameters
Input File Name                    : "LFSR_top.prj"
Input Format                       : mixed
Ignore Synthesis Constraint File   : NO

---- Target Parameters
Output File Name                   : "LFSR_top"
Output Format                      : NGC
Target Device                      : xc3s500e-4-ft256

---- Source Options
Top Module Name                    : LFSR_top
Automatic FSM Extraction           : YES
FSM Encoding Algorithm             : Auto
Safe Implementation                : No
FSM Style                          : LUT
RAM Extraction                     : Yes
RAM Style                          : Auto
ROM Extraction                     : Yes
Mux Style                          : Auto
Decoder Extraction                 : YES
Priority Encoder Extraction        : Yes
Shift Register Extraction          : YES
Logical Shifter Extraction         : YES
XOR Collapsing                     : YES
ROM Style                          : Auto
Mux Extraction                     : Yes
Resource Sharing                   : YES
Asynchronous To Synchronous        : NO
Multiplier Style                   : Auto
Automatic Register Balancing       : No

---- Target Options
Add IO Buffers                     : YES
Global Maximum Fanout              : 100000
Add Generic Clock Buffer(BUFG)     : 24
Register Duplication               : YES
Slice Packing                      : YES
Optimize Instantiated Primitives   : NO
Use Clock Enable                   : Yes
Use Synchronous Set                : Yes
Use Synchronous Reset              : Yes
Pack IO Registers into IOBs        : Auto
Equivalent register Removal        : YES

---- General Options
Optimization Goal                  : Speed
Optimization Effort                : 1
Keep Hierarchy                     : No
Netlist Hierarchy                  : As_Optimized
RTL Output                         : Yes
Global Optimization                : AllClockNets
Read Cores                         : YES
Write Timing Constraints           : NO
Cross Clock Analysis               : NO
Hierarchy Separator                : /
Bus Delimiter                      : <>
Case Specifier                     : Maintain
Slice Utilization Ratio            : 100
BRAM Utilization Ratio             : 100
Verilog 2001                       : YES
Auto BRAM Packing                  : NO
Slice Utilization Ratio Delta      : 5

=========================================================================


=========================================================================
*                          HDL Compilation                              *
=========================================================================
Compiling vhdl file "C:/Users/Ivan/Documents/FPGA/LFSR_3/eLCeLL.vhd" in Library work.
Architecture structural of Entity elcell is up to date.
Compiling vhdl file "C:/Users/Ivan/Documents/FPGA/LFSR_3/frqDiv2.vhd" in Library work.
Architecture structural of Entity frqdiv2 is up to date.
Compiling vhdl file "C:/Users/Ivan/Documents/FPGA/LFSR_3/frqDivN.vhd" in Library work.
Entity <frqdivn> compiled.
Entity <frqdivn> (Architecture <structural>) compiled.
Compiling vhdl file "C:/Users/Ivan/Documents/FPGA/LFSR_3/LFSR.vhd" in Library work.
Entity <lfsr> compiled.
Entity <lfsr> (Architecture <structural>) compiled.
Compiling vhdl file "C:/Users/Ivan/Documents/FPGA/LFSR_3/SGM.vhd" in Library work.
Architecture structural of Entity sgm is up to date.
Compiling vhdl file "C:/Users/Ivan/Documents/FPGA/LFSR_3/LFSR_top.vhd" in Library work.
Entity <lfsr_top> compiled.
Entity <lfsr_top> (Architecture <behavioral>) compiled.

=========================================================================
*                     Design Hierarchy Analysis                         *
=========================================================================
Analyzing hierarchy for entity <LFSR_top> in library <work> (architecture <behavioral>).

Analyzing hierarchy for entity <frqDivN> in library <work> (architecture <structural>).

Analyzing hierarchy for entity <LFSR> in library <work> (architecture <structural>).

Analyzing hierarchy for entity <SGM> in library <work> (architecture <structural>).

Analyzing hierarchy for entity <frqDiv2> in library <work> (architecture <structural>).

Analyzing hierarchy for entity <eLCeLL> in library <work> (architecture <structural>).


=========================================================================
*                            HDL Analysis                               *
=========================================================================
Analyzing Entity <LFSR_top> in library <work> (Architecture <behavioral>).
WARNING:Xst:753 - "C:/Users/Ivan/Documents/FPGA/LFSR_3/LFSR_top.vhd" line 54: Unconnected output port 'ckDiv' of component 'frqDivN'.
WARNING:Xst:2211 - "C:/Users/Ivan/Documents/FPGA/LFSR_3/LFSR_top.vhd" line 59: Instantiating black box module <bufg>.
Entity <LFSR_top> analyzed. Unit <LFSR_top> generated.

Analyzing Entity <frqDivN> in library <work> (Architecture <structural>).
Entity <frqDivN> analyzed. Unit <frqDivN> generated.

Analyzing Entity <frqDiv2> in library <work> (Architecture <structural>).
Entity <frqDiv2> analyzed. Unit <frqDiv2> generated.

Analyzing Entity <LFSR> in library <work> (Architecture <structural>).
Entity <LFSR> analyzed. Unit <LFSR> generated.

Analyzing Entity <eLCeLL> in library <work> (Architecture <structural>).
Entity <eLCeLL> analyzed. Unit <eLCeLL> generated.

Analyzing Entity <SGM> in library <work> (Architecture <structural>).
Entity <SGM> analyzed. Unit <SGM> generated.


=========================================================================
*                           HDL Synthesis                               *
=========================================================================

Performing bidirectional port resolution...

Synthesizing Unit <SGM>.
    Related source file is "C:/Users/Ivan/Documents/FPGA/LFSR_3/SGM.vhd".
    Found 128x14-bit ROM for signal <dec2Sgm$mux0001> created at line 22.
    Found 14-bit register for signal <dec2Sgm>.
    Summary:
	inferred   1 ROM(s).
	inferred  14 D-type flip-flop(s).
Unit <SGM> synthesized.


Synthesizing Unit <frqDiv2>.
    Related source file is "C:/Users/Ivan/Documents/FPGA/LFSR_3/frqDiv2.vhd".
    Found 1-bit register for signal <CK_OUT_TMP>.
    Found 1-bit register for signal <dLt>.
    Summary:
	inferred   2 D-type flip-flop(s).
Unit <frqDiv2> synthesized.


Synthesizing Unit <eLCeLL>.
    Related source file is "C:/Users/Ivan/Documents/FPGA/LFSR_3/eLCeLL.vhd".
    Found 1-bit register for signal <outCell>.
    Found 1-bit xor2 for signal <outCell$xor0000> created at line 22.
    Summary:
	inferred   1 D-type flip-flop(s).
Unit <eLCeLL> synthesized.


Synthesizing Unit <frqDivN>.
    Related source file is "C:/Users/Ivan/Documents/FPGA/LFSR_3/frqDivN.vhd".
WARNING:Xst:646 - Signal <ckOut_temp<23>> is assigned but never used. This unconnected signal will be trimmed during the optimization process.
    Found 1-bit register for signal <ckRg>.
    Found 1-bit register for signal <Rg>.
    Summary:
	inferred   2 D-type flip-flop(s).
Unit <frqDivN> synthesized.


Synthesizing Unit <LFSR>.
    Related source file is "C:/Users/Ivan/Documents/FPGA/LFSR_3/LFSR.vhd".
WARNING:Xst:646 - Signal <delayReg<3>> is assigned but never used. This unconnected signal will be trimmed during the optimization process.
    Found 4-bit register for signal <delayReg>.
    Summary:
	inferred   4 D-type flip-flop(s).
Unit <LFSR> synthesized.


Synthesizing Unit <LFSR_top>.
    Related source file is "C:/Users/Ivan/Documents/FPGA/LFSR_3/LFSR_top.vhd".
WARNING:Xst:653 - Signal <lfsrReg<6>> is used but never assigned. This sourceless signal will be automatically connected to value 0.
WARNING:Xst:1780 - Signal <clkDiv> is never used or assigned. This unconnected signal will be trimmed during the optimization process.
    Found 6-bit register for signal <leds>.
    Summary:
	inferred   6 D-type flip-flop(s).
Unit <LFSR_top> synthesized.


=========================================================================
HDL Synthesis Report

Macro Statistics
# ROMs                                                 : 1
 128x14-bit ROM                                        : 1
# Registers                                            : 59
 1-bit register                                        : 56
 14-bit register                                       : 1
 4-bit register                                        : 1
 6-bit register                                        : 1
# Xors                                                 : 6
 1-bit xor2                                            : 6

=========================================================================

=========================================================================
*                       Advanced HDL Synthesis                          *
=========================================================================

WARNING:Xst:524 - All outputs of the instance <frqDiv2_04> of the block <frqDiv2> are unconnected in block <frqDivN>.
   This instance will be removed from the design along with all underlying logic
WARNING:Xst:524 - All outputs of the instance <frqDiv2_05> of the block <frqDiv2> are unconnected in block <frqDivN>.
   This instance will be removed from the design along with all underlying logic
WARNING:Xst:524 - All outputs of the instance <frqDiv2_06> of the block <frqDiv2> are unconnected in block <frqDivN>.
   This instance will be removed from the design along with all underlying logic
WARNING:Xst:524 - All outputs of the instance <frqDiv2_07> of the block <frqDiv2> are unconnected in block <frqDivN>.
   This instance will be removed from the design along with all underlying logic
WARNING:Xst:524 - All outputs of the instance <frqDiv2_08> of the block <frqDiv2> are unconnected in block <frqDivN>.
   This instance will be removed from the design along with all underlying logic
WARNING:Xst:524 - All outputs of the instance <frqDiv2_09> of the block <frqDiv2> are unconnected in block <frqDivN>.
   This instance will be removed from the design along with all underlying logic
WARNING:Xst:524 - All outputs of the instance <frqDiv2_10> of the block <frqDiv2> are unconnected in block <frqDivN>.
   This instance will be removed from the design along with all underlying logic
WARNING:Xst:524 - All outputs of the instance <frqDiv2_11> of the block <frqDiv2> are unconnected in block <frqDivN>.
   This instance will be removed from the design along with all underlying logic
WARNING:Xst:524 - All outputs of the instance <frqDiv2_12> of the block <frqDiv2> are unconnected in block <frqDivN>.
   This instance will be removed from the design along with all underlying logic
WARNING:Xst:524 - All outputs of the instance <frqDiv2_13> of the block <frqDiv2> are unconnected in block <frqDivN>.
   This instance will be removed from the design along with all underlying logic
WARNING:Xst:524 - All outputs of the instance <frqDiv2_14> of the block <frqDiv2> are unconnected in block <frqDivN>.
   This instance will be removed from the design along with all underlying logic
WARNING:Xst:524 - All outputs of the instance <frqDiv2_15> of the block <frqDiv2> are unconnected in block <frqDivN>.
   This instance will be removed from the design along with all underlying logic
WARNING:Xst:524 - All outputs of the instance <frqDiv2_16> of the block <frqDiv2> are unconnected in block <frqDivN>.
   This instance will be removed from the design along with all underlying logic
WARNING:Xst:524 - All outputs of the instance <frqDiv2_17> of the block <frqDiv2> are unconnected in block <frqDivN>.
   This instance will be removed from the design along with all underlying logic
WARNING:Xst:524 - All outputs of the instance <frqDiv2_18> of the block <frqDiv2> are unconnected in block <frqDivN>.
   This instance will be removed from the design along with all underlying logic
WARNING:Xst:524 - All outputs of the instance <frqDiv2_19> of the block <frqDiv2> are unconnected in block <frqDivN>.
   This instance will be removed from the design along with all underlying logic
WARNING:Xst:524 - All outputs of the instance <frqDiv2_20> of the block <frqDiv2> are unconnected in block <frqDivN>.
   This instance will be removed from the design along with all underlying logic
WARNING:Xst:524 - All outputs of the instance <frqDiv2_21> of the block <frqDiv2> are unconnected in block <frqDivN>.
   This instance will be removed from the design along with all underlying logic
WARNING:Xst:524 - All outputs of the instance <frqDiv2_22> of the block <frqDiv2> are unconnected in block <frqDivN>.
   This instance will be removed from the design along with all underlying logic
WARNING:Xst:524 - All outputs of the instance <frqDiv2_23> of the block <frqDiv2> are unconnected in block <frqDivN>.
   This instance will be removed from the design along with all underlying logic
WARNING:Xst:524 - All outputs of the instance <frqDiv2_24> of the block <frqDiv2> are unconnected in block <frqDivN>.
   This instance will be removed from the design along with all underlying logic
WARNING:Xst:1426 - The value init of the FF/Latch delayReg_0 hinder the constant cleaning in the block LFSR_6bit.
   You should achieve better results by setting this init to 0.
WARNING:Xst:2677 - Node <delayReg_1> of sequential type is unconnected in block <LFSR_6bit>.
WARNING:Xst:2677 - Node <delayReg_2> of sequential type is unconnected in block <LFSR_6bit>.
WARNING:Xst:2677 - Node <delayReg_3> of sequential type is unconnected in block <LFSR_6bit>.

Synthesizing (advanced) Unit <SGM>.
INFO:Xst:3044 - The ROM <Mrom_dec2Sgm_mux0001> will be implemented as a read-only BLOCK RAM, absorbing the register: <dec2Sgm>.
INFO:Xst:3225 - The RAM <Mrom_dec2Sgm_mux0001> will be implemented as BLOCK RAM
    -----------------------------------------------------------------------
    | ram_type           | Block                               |          |
    -----------------------------------------------------------------------
    | Port A                                                              |
    |     aspect ratio   | 128-word x 14-bit                   |          |
    |     mode           | write-first                         |          |
    |     clkA           | connected to signal <ckIn>          | rise     |
    |     weA            | connected to signal <GND>           | high     |
    |     addrA          | connected to signal <SeL>           |          |
    |     diA            | connected to signal <GND>           |          |
    |     doA            | connected to signal <dec2Sgm>       |          |
    -----------------------------------------------------------------------
    | optimization       | speed                               |          |
    -----------------------------------------------------------------------
Unit <SGM> synthesized (advanced).
WARNING:Xst:2677 - Node <delayReg_1> of sequential type is unconnected in block <LFSR>.
WARNING:Xst:2677 - Node <delayReg_2> of sequential type is unconnected in block <LFSR>.
WARNING:Xst:2677 - Node <delayReg_3> of sequential type is unconnected in block <LFSR>.

=========================================================================
Advanced HDL Synthesis Report

Macro Statistics
# RAMs                                                 : 1
 128x14-bit single-port block RAM                      : 1
# Registers                                            : 21
 Flip-Flops                                            : 21
# Xors                                                 : 6
 1-bit xor2                                            : 6

=========================================================================

=========================================================================
*                         Low Level Synthesis                           *
=========================================================================
WARNING:Xst:1426 - The value init of the FF/Latch delayReg_0 hinder the constant cleaning in the block LFSR.
   You should achieve better results by setting this init to 0.

Optimizing unit <LFSR_top> ...

Optimizing unit <LFSR> ...

Mapping all equations...
Building and optimizing final netlist ...
Found area constraint ratio of 100 (+ 5) on block LFSR_top, actual ratio is 0.

Final Macro Processing ...

=========================================================================
Final Register Report

Macro Statistics
# Registers                                            : 21
 Flip-Flops                                            : 21

=========================================================================

=========================================================================
*                           Partition Report                            *
=========================================================================

Partition Implementation Status
-------------------------------

  No Partitions were found in this design.

-------------------------------

=========================================================================
*                            Final Report                               *
=========================================================================
Final Results
RTL Top Level Output File Name     : LFSR_top.ngr
Top Level Output File Name         : LFSR_top
Output Format                      : NGC
Optimization Goal                  : Speed
Keep Hierarchy                     : No

Design Statistics
# IOs                              : 22

Cell Usage :
# BELS                             : 15
#      GND                         : 1
#      INV                         : 3
#      LUT2                        : 9
#      LUT3                        : 1
#      VCC                         : 1
# FlipFlops/Latches                : 21
#      FD                          : 4
#      FDE                         : 16
#      FDR                         : 1
# RAMS                             : 1
#      RAMB16_S18                  : 1
# Clock Buffers                    : 1
#      BUFG                        : 1
# IO Buffers                       : 22
#      IBUFG                       : 1
#      OBUF                        : 21
=========================================================================

Device utilization summary:
---------------------------

Selected Device : 3s500eft256-4 

 Number of Slices:                       12  out of   4656     0%  
 Number of Slice Flip Flops:             21  out of   9312     0%  
 Number of 4 input LUTs:                 13  out of   9312     0%  
 Number of IOs:                          22
 Number of bonded IOBs:                  22  out of    190    11%  
 Number of BRAMs:                         1  out of     20     5%  
 Number of GCLKs:                         1  out of     24     4%  

---------------------------
Partition Resource Summary:
---------------------------

  No Partitions were found in this design.

---------------------------


=========================================================================
TIMING REPORT

NOTE: THESE TIMING NUMBERS ARE ONLY A SYNTHESIS ESTIMATE.
      FOR ACCURATE TIMING INFORMATION PLEASE REFER TO THE TRACE REPORT
      GENERATED AFTER PLACE-and-ROUTE.

Clock Information:
------------------
-----------------------------------+------------------------+-------+
Clock Signal                       | Clock buffer(FF name)  | Load  |
-----------------------------------+------------------------+-------+
ck                                 | IBUFG+BUFG             | 22    |
-----------------------------------+------------------------+-------+

Asynchronous Control Signals Information:
----------------------------------------
No asynchronous control signals found in this design

Timing Summary:
---------------
Speed Grade: -4

   Minimum period: 3.443ns (Maximum Frequency: 290.444MHz)
   Minimum input arrival time before clock: No path found
   Maximum output required time after clock: 6.492ns
   Maximum combinational path delay: No path found

Timing Detail:
--------------
All values displayed in nanoseconds (ns)

=========================================================================
Timing constraint: Default period analysis for Clock 'ck'
  Clock period: 3.443ns (frequency: 290.444MHz)
  Total number of paths / destination ports: 65 / 42
-------------------------------------------------------------------------
Delay:               3.443ns (Levels of Logic = 1)
  Source:            FreqDiv/frqDiv2_03/CK_OUT_TMP (FF)
  Destination:       leds_0 (FF)
  Source Clock:      ck rising
  Destination Clock: ck rising

  Data Path: FreqDiv/frqDiv2_03/CK_OUT_TMP to leds_0
                                Gate     Net
    Cell:in->out      fanout   Delay   Delay  Logical Name (Net Name)
    ----------------------------------------  ------------
     FDE:C->Q              3   0.591   0.610  FreqDiv/frqDiv2_03/CK_OUT_TMP (FreqDiv/frqDiv2_03/CK_OUT_TMP)
     LUT2:I1->O           13   0.704   0.983  FreqDiv/ckEn1 (ckEn)
     FDE:CE                    0.555          leds_0
    ----------------------------------------
    Total                      3.443ns (1.850ns logic, 1.593ns route)
                                       (53.7% logic, 46.3% route)

=========================================================================
Timing constraint: Default OFFSET OUT AFTER for Clock 'ck'
  Total number of paths / destination ports: 20 / 20
-------------------------------------------------------------------------
Offset:              6.492ns (Levels of Logic = 1)
  Source:            Indicator/Mrom_dec2Sgm_mux0001 (RAM)
  Destination:       sgmOut<13> (PAD)
  Source Clock:      ck rising

  Data Path: Indicator/Mrom_dec2Sgm_mux0001 to sgmOut<13>
                                Gate     Net
    Cell:in->out      fanout   Delay   Delay  Logical Name (Net Name)
    ----------------------------------------  ------------
     RAMB16_S18:CLK->DO13    1   2.800   0.420  Indicator/Mrom_dec2Sgm_mux0001 (sgmOut_13_OBUF)
     OBUF:I->O                 3.272          sgmOut_13_OBUF (sgmOut<13>)
    ----------------------------------------
    Total                      6.492ns (6.072ns logic, 0.420ns route)
                                       (93.5% logic, 6.5% route)

=========================================================================


Total REAL time to Xst completion: 5.00 secs
Total CPU time to Xst completion: 5.36 secs
 
--> 

Total memory usage is 4530960 kilobytes

Number of errors   :    0 (   0 filtered)
Number of warnings :   35 (   0 filtered)
Number of infos    :    2 (   0 filtered)

