Release 14.7 - xst P.20131013 (nt64)
Copyright (c) 1995-2013 Xilinx, Inc.  All rights reserved.
--> Parameter TMPDIR set to xst/projnav.tmp


Total REAL time to Xst completion: 0.00 secs
Total CPU time to Xst completion: 0.12 secs
 
--> Parameter xsthdpdir set to xst


Total REAL time to Xst completion: 0.00 secs
Total CPU time to Xst completion: 0.12 secs
 
--> Reading design: LFSR.prj

TABLE OF CONTENTS
  1) Synthesis Options Summary
  2) HDL Compilation
  3) Design Hierarchy Analysis
  4) HDL Analysis
  5) HDL Synthesis
     5.1) HDL Synthesis Report
  6) Advanced HDL Synthesis
     6.1) Advanced HDL Synthesis Report
  7) Low Level Synthesis
  8) Partition Report
  9) Final Report
	9.1) Device utilization summary
	9.2) Partition Resource Summary
	9.3) TIMING REPORT


=========================================================================
*                      Synthesis Options Summary                        *
=========================================================================
---- Source Parameters
Input File Name                    : "LFSR.prj"
Input Format                       : mixed
Ignore Synthesis Constraint File   : NO

---- Target Parameters
Output File Name                   : "LFSR"
Output Format                      : NGC
Target Device                      : xc3s500e-4-ft256

---- Source Options
Top Module Name                    : LFSR
Automatic FSM Extraction           : YES
FSM Encoding Algorithm             : Auto
Safe Implementation                : No
FSM Style                          : LUT
RAM Extraction                     : Yes
RAM Style                          : Auto
ROM Extraction                     : Yes
Mux Style                          : Auto
Decoder Extraction                 : YES
Priority Encoder Extraction        : Yes
Shift Register Extraction          : YES
Logical Shifter Extraction         : YES
XOR Collapsing                     : YES
ROM Style                          : Auto
Mux Extraction                     : Yes
Resource Sharing                   : YES
Asynchronous To Synchronous        : NO
Multiplier Style                   : Auto
Automatic Register Balancing       : No

---- Target Options
Add IO Buffers                     : YES
Global Maximum Fanout              : 100000
Add Generic Clock Buffer(BUFG)     : 24
Register Duplication               : YES
Slice Packing                      : YES
Optimize Instantiated Primitives   : NO
Use Clock Enable                   : Yes
Use Synchronous Set                : Yes
Use Synchronous Reset              : Yes
Pack IO Registers into IOBs        : Auto
Equivalent register Removal        : YES

---- General Options
Optimization Goal                  : Speed
Optimization Effort                : 1
Keep Hierarchy                     : No
Netlist Hierarchy                  : As_Optimized
RTL Output                         : Yes
Global Optimization                : AllClockNets
Read Cores                         : YES
Write Timing Constraints           : NO
Cross Clock Analysis               : NO
Hierarchy Separator                : /
Bus Delimiter                      : <>
Case Specifier                     : Maintain
Slice Utilization Ratio            : 100
BRAM Utilization Ratio             : 100
Verilog 2001                       : YES
Auto BRAM Packing                  : NO
Slice Utilization Ratio Delta      : 5

=========================================================================


=========================================================================
*                          HDL Compilation                              *
=========================================================================
Compiling vhdl file "C:/Users/Ivan/Documents/FPGA/LFSR_3/eLCeLL.vhd" in Library work.
Architecture structural of Entity elcell is up to date.
Compiling vhdl file "C:/Users/Ivan/Documents/FPGA/LFSR_3/LFSR.vhd" in Library work.
Entity <lfsr> compiled.
Entity <lfsr> (Architecture <structural>) compiled.

=========================================================================
*                     Design Hierarchy Analysis                         *
=========================================================================
Analyzing hierarchy for entity <LFSR> in library <work> (architecture <structural>).

Analyzing hierarchy for entity <eLCeLL> in library <work> (architecture <structural>).


=========================================================================
*                            HDL Analysis                               *
=========================================================================
Analyzing Entity <LFSR> in library <work> (Architecture <structural>).
Entity <LFSR> analyzed. Unit <LFSR> generated.

Analyzing Entity <eLCeLL> in library <work> (Architecture <structural>).
Entity <eLCeLL> analyzed. Unit <eLCeLL> generated.


=========================================================================
*                           HDL Synthesis                               *
=========================================================================

Performing bidirectional port resolution...

Synthesizing Unit <eLCeLL>.
    Related source file is "C:/Users/Ivan/Documents/FPGA/LFSR_3/eLCeLL.vhd".
    Found 1-bit register for signal <outCell>.
    Found 1-bit xor2 for signal <outCell$xor0000> created at line 46.
    Summary:
	inferred   1 D-type flip-flop(s).
Unit <eLCeLL> synthesized.


Synthesizing Unit <LFSR>.
    Related source file is "C:/Users/Ivan/Documents/FPGA/LFSR_3/LFSR.vhd".
WARNING:Xst:646 - Signal <delayReg<6>> is assigned but never used. This unconnected signal will be trimmed during the optimization process.
    Found 7-bit register for signal <delayReg>.
    Summary:
	inferred   7 D-type flip-flop(s).
Unit <LFSR> synthesized.


=========================================================================
HDL Synthesis Report

Macro Statistics
# Registers                                            : 7
 1-bit register                                        : 6
 7-bit register                                        : 1
# Xors                                                 : 6
 1-bit xor2                                            : 6

=========================================================================

=========================================================================
*                       Advanced HDL Synthesis                          *
=========================================================================

WARNING:Xst:1426 - The value init of the FF/Latch delayReg_0 hinder the constant cleaning in the block LFSR.
   You should achieve better results by setting this init to 0.
WARNING:Xst:2677 - Node <delayReg_1> of sequential type is unconnected in block <LFSR>.
WARNING:Xst:2677 - Node <delayReg_2> of sequential type is unconnected in block <LFSR>.
WARNING:Xst:2677 - Node <delayReg_3> of sequential type is unconnected in block <LFSR>.
WARNING:Xst:2677 - Node <delayReg_4> of sequential type is unconnected in block <LFSR>.
WARNING:Xst:2677 - Node <delayReg_5> of sequential type is unconnected in block <LFSR>.
WARNING:Xst:2677 - Node <delayReg_6> of sequential type is unconnected in block <LFSR>.
WARNING:Xst:2677 - Node <delayReg_1> of sequential type is unconnected in block <LFSR>.
WARNING:Xst:2677 - Node <delayReg_2> of sequential type is unconnected in block <LFSR>.
WARNING:Xst:2677 - Node <delayReg_3> of sequential type is unconnected in block <LFSR>.
WARNING:Xst:2677 - Node <delayReg_4> of sequential type is unconnected in block <LFSR>.
WARNING:Xst:2677 - Node <delayReg_5> of sequential type is unconnected in block <LFSR>.
WARNING:Xst:2677 - Node <delayReg_6> of sequential type is unconnected in block <LFSR>.

=========================================================================
Advanced HDL Synthesis Report

Macro Statistics
# Registers                                            : 7
 Flip-Flops                                            : 7
# Xors                                                 : 6
 1-bit xor2                                            : 6

=========================================================================

=========================================================================
*                         Low Level Synthesis                           *
=========================================================================
WARNING:Xst:1426 - The value init of the FF/Latch delayReg_0 hinder the constant cleaning in the block LFSR.
   You should achieve better results by setting this init to 0.

Optimizing unit <LFSR> ...

Mapping all equations...
Building and optimizing final netlist ...
Found area constraint ratio of 100 (+ 5) on block LFSR, actual ratio is 0.

Final Macro Processing ...

=========================================================================
Final Register Report

Macro Statistics
# Registers                                            : 7
 Flip-Flops                                            : 7

=========================================================================

=========================================================================
*                           Partition Report                            *
=========================================================================

Partition Implementation Status
-------------------------------

  No Partitions were found in this design.

-------------------------------

=========================================================================
*                            Final Report                               *
=========================================================================
Final Results
RTL Top Level Output File Name     : LFSR.ngr
Top Level Output File Name         : LFSR
Output Format                      : NGC
Optimization Goal                  : Speed
Keep Hierarchy                     : No

Design Statistics
# IOs                              : 7

Cell Usage :
# BELS                             : 1
#      GND                         : 1
# FlipFlops/Latches                : 7
#      FD                          : 1
#      FDR                         : 2
#      FDS                         : 4
# Clock Buffers                    : 1
#      BUFGP                       : 1
# IO Buffers                       : 6
#      OBUF                        : 6
=========================================================================

Device utilization summary:
---------------------------

Selected Device : 3s500eft256-4 

 Number of Slices:                        4  out of   4656     0%  
 Number of Slice Flip Flops:              7  out of   9312     0%  
 Number of IOs:                           7
 Number of bonded IOBs:                   7  out of    190     3%  
 Number of GCLKs:                         1  out of     24     4%  

---------------------------
Partition Resource Summary:
---------------------------

  No Partitions were found in this design.

---------------------------


=========================================================================
TIMING REPORT

NOTE: THESE TIMING NUMBERS ARE ONLY A SYNTHESIS ESTIMATE.
      FOR ACCURATE TIMING INFORMATION PLEASE REFER TO THE TRACE REPORT
      GENERATED AFTER PLACE-and-ROUTE.

Clock Information:
------------------
-----------------------------------+------------------------+-------+
Clock Signal                       | Clock buffer(FF name)  | Load  |
-----------------------------------+------------------------+-------+
ckIn                               | BUFGP                  | 7     |
-----------------------------------+------------------------+-------+

Asynchronous Control Signals Information:
----------------------------------------
No asynchronous control signals found in this design

Timing Summary:
---------------
Speed Grade: -4

   Minimum period: 2.171ns (Maximum Frequency: 460.617MHz)
   Minimum input arrival time before clock: No path found
   Maximum output required time after clock: 4.310ns
   Maximum combinational path delay: No path found

Timing Detail:
--------------
All values displayed in nanoseconds (ns)

=========================================================================
Timing constraint: Default period analysis for Clock 'ckIn'
  Clock period: 2.171ns (frequency: 460.617MHz)
  Total number of paths / destination ports: 12 / 12
-------------------------------------------------------------------------
Delay:               2.171ns (Levels of Logic = 0)
  Source:            delayReg_0 (FF)
  Destination:       LFSR_0/outCell (FF)
  Source Clock:      ckIn rising
  Destination Clock: ckIn rising

  Data Path: delayReg_0 to LFSR_0/outCell
                                Gate     Net
    Cell:in->out      fanout   Delay   Delay  Logical Name (Net Name)
    ----------------------------------------  ------------
     FD:C->Q               6   0.591   0.669  delayReg_0 (delayReg_0)
     FDS:S                     0.911          LFSR_0/outCell
    ----------------------------------------
    Total                      2.171ns (1.502ns logic, 0.669ns route)
                                       (69.2% logic, 30.8% route)

=========================================================================
Timing constraint: Default OFFSET OUT AFTER for Clock 'ckIn'
  Total number of paths / destination ports: 6 / 6
-------------------------------------------------------------------------
Offset:              4.310ns (Levels of Logic = 1)
  Source:            LFSR_0/outCell (FF)
  Destination:       outReg<5> (PAD)
  Source Clock:      ckIn rising

  Data Path: LFSR_0/outCell to outReg<5>
                                Gate     Net
    Cell:in->out      fanout   Delay   Delay  Logical Name (Net Name)
    ----------------------------------------  ------------
     FDS:C->Q              2   0.591   0.447  LFSR_0/outCell (LFSR_0/outCell)
     OBUF:I->O                 3.272          outReg_5_OBUF (outReg<5>)
    ----------------------------------------
    Total                      4.310ns (3.863ns logic, 0.447ns route)
                                       (89.6% logic, 10.4% route)

=========================================================================


Total REAL time to Xst completion: 5.00 secs
Total CPU time to Xst completion: 4.99 secs
 
--> 

Total memory usage is 4497520 kilobytes

Number of errors   :    0 (   0 filtered)
Number of warnings :   15 (   0 filtered)
Number of infos    :    0 (   0 filtered)

