--------------------------------------------------------------------------------
Release 14.7 Trace  (nt64)
Copyright (c) 1995-2013 Xilinx, Inc.  All rights reserved.

C:\Xilinx\14.7\ISE_DS\ISE\bin\nt64\unwrapped\trce.exe -intstyle ise -v 3 -s 4
-n 3 -fastpaths -xml LFSR_top.twx LFSR_top.ncd -o LFSR_top.twr LFSR_top.pcf

Design file:              LFSR_top.ncd
Physical constraint file: LFSR_top.pcf
Device,package,speed:     xc3s500e,ft256,-4 (PRODUCTION 1.27 2013-10-13)
Report level:             verbose report

Environment Variable      Effect 
--------------------      ------ 
NONE                      No environment variables were set
--------------------------------------------------------------------------------

INFO:Timing:2698 - No timing constraints found, doing default enumeration.
INFO:Timing:3412 - To improve timing, see the Timing Closure User Guide (UG612).
INFO:Timing:2752 - To get complete path coverage, use the unconstrained paths 
   option. All paths that are not constrained will be reported in the 
   unconstrained paths section(s) of the report.
INFO:Timing:3339 - The clock-to-out numbers in this timing report are based on 
   a 50 Ohm transmission line loading model.  For the details of this model, 
   and for more information on accounting for different loading conditions, 
   please see the device datasheet.
INFO:Timing:3390 - This architecture does not support a default System Jitter 
   value, please add SYSTEM_JITTER constraint to the UCF to modify the Clock 
   Uncertainty calculation.
INFO:Timing:3389 - This architecture does not support 'Discrete Jitter' and 
   'Phase Error' calculations, these terms will be zero in the Clock 
   Uncertainty calculation.  Please make appropriate modification to 
   SYSTEM_JITTER to account for the unsupported Discrete Jitter and Phase 
   Error.



Data Sheet report:
-----------------
All values displayed in nanoseconds (ns)

Clock ck to Pad
------------+------------+------------------+--------+
            | clk (edge) |                  | Clock  |
Destination |   to PAD   |Internal Clock(s) | Phase  |
------------+------------+------------------+--------+
leds<0>     |    8.119(R)|ckMain            |   0.000|
leds<1>     |    8.053(R)|ckMain            |   0.000|
leds<2>     |    8.009(R)|ckMain            |   0.000|
leds<3>     |    8.305(R)|ckMain            |   0.000|
leds<4>     |    7.765(R)|ckMain            |   0.000|
leds<5>     |    7.760(R)|ckMain            |   0.000|
sgmOut<0>   |   10.049(R)|ckMain            |   0.000|
sgmOut<1>   |   10.492(R)|ckMain            |   0.000|
sgmOut<2>   |   10.241(R)|ckMain            |   0.000|
sgmOut<3>   |   10.190(R)|ckMain            |   0.000|
sgmOut<4>   |    9.989(R)|ckMain            |   0.000|
sgmOut<5>   |    9.729(R)|ckMain            |   0.000|
sgmOut<6>   |    9.729(R)|ckMain            |   0.000|
sgmOut<7>   |    9.989(R)|ckMain            |   0.000|
sgmOut<8>   |    9.988(R)|ckMain            |   0.000|
sgmOut<9>   |   10.241(R)|ckMain            |   0.000|
sgmOut<10>  |   10.259(R)|ckMain            |   0.000|
sgmOut<11>  |   10.442(R)|ckMain            |   0.000|
sgmOut<12>  |   10.879(R)|ckMain            |   0.000|
sgmOut<13>  |   10.049(R)|ckMain            |   0.000|
------------+------------+------------------+--------+

Clock to Setup on destination clock ck
---------------+---------+---------+---------+---------+
               | Src:Rise| Src:Fall| Src:Rise| Src:Fall|
Source Clock   |Dest:Rise|Dest:Rise|Dest:Fall|Dest:Fall|
---------------+---------+---------+---------+---------+
ck             |    3.782|         |         |         |
---------------+---------+---------+---------+---------+


Analysis completed Tue Dec 13 22:19:25 2022 
--------------------------------------------------------------------------------

Trace Settings:
-------------------------
Trace Settings 

Peak Memory Usage: 4509 MB



