Command line:
   Prac_2_top_isim_beh.exe
     -simmode  gui
     -simrunnum  0
     -socket  64289

Wed Dec 14 00:10:56 2022


 Elaboration Time: 0.09375 sec

 Current Memory Usage: 5150.27 Meg

 Total Signals          : 196
 Total Nets             : 179
 Total Signal Drivers   : 108
 Total Blocks           : 32
 Total Primitive Blocks : 30
 Total Processes        : 107
 Total Traceable Variables  : 10
 Total Scalar Nets and Variables : 557
Total Line Count : 287

 Total Simulation Time: 0.125 sec

 Current Memory Usage: 5150.27 Meg

Wed Dec 14 00:10:59 2022

