Command line:
   tb_isim_beh.exe
     -simmode  gui
     -simrunnum  0
     -socket  64312

Wed Dec 14 00:13:38 2022


 Elaboration Time: 0.03125 sec

 Current Memory Usage: 5150.29 Meg

 Total Signals          : 200
 Total Nets             : 179
 Total Signal Drivers   : 109
 Total Blocks           : 33
 Total Primitive Blocks : 30
 Total Processes        : 109
 Total Traceable Variables  : 11
 Total Scalar Nets and Variables : 558
Total Line Count : 294

 Total Simulation Time: 0.265625 sec

 Current Memory Usage: 5150.29 Meg

Wed Dec 14 00:13:54 2022

