Command line:
   tbb_isim_beh.exe
     -simmode  gui
     -simrunnum  0
     -socket  64904

Tue Dec 13 22:56:34 2022


 Elaboration Time: 0.03125 sec

 Current Memory Usage: 5150.29 Meg

 Total Signals          : 244
 Total Nets             : 193
 Total Signal Drivers   : 115
 Total Blocks           : 39
 Total Primitive Blocks : 35
 Total Processes        : 115
 Total Traceable Variables  : 12
 Total Scalar Nets and Variables : 578
Total Line Count : 323

 Total Simulation Time: 0.296875 sec

 Current Memory Usage: 4678.43 Meg

Wed Dec 14 00:01:38 2022

