Release 14.7 - xst P.20131013 (nt64)
Copyright (c) 1995-2013 Xilinx, Inc.  All rights reserved.
--> Parameter TMPDIR set to xst/projnav.tmp


Total REAL time to Xst completion: 0.00 secs
Total CPU time to Xst completion: 0.23 secs
 
--> Parameter xsthdpdir set to xst


Total REAL time to Xst completion: 0.00 secs
Total CPU time to Xst completion: 0.24 secs
 
--> Reading design: Prac_2_top.prj

TABLE OF CONTENTS
  1) Synthesis Options Summary
  2) HDL Compilation
  3) Design Hierarchy Analysis
  4) HDL Analysis
  5) HDL Synthesis
     5.1) HDL Synthesis Report
  6) Advanced HDL Synthesis
     6.1) Advanced HDL Synthesis Report
  7) Low Level Synthesis
  8) Partition Report
  9) Final Report
	9.1) Device utilization summary
	9.2) Partition Resource Summary
	9.3) TIMING REPORT


=========================================================================
*                      Synthesis Options Summary                        *
=========================================================================
---- Source Parameters
Input File Name                    : "Prac_2_top.prj"
Input Format                       : mixed
Ignore Synthesis Constraint File   : NO

---- Target Parameters
Output File Name                   : "Prac_2_top"
Output Format                      : NGC
Target Device                      : xc3s500e-5-ft256

---- Source Options
Top Module Name                    : Prac_2_top
Automatic FSM Extraction           : YES
FSM Encoding Algorithm             : Auto
Safe Implementation                : No
FSM Style                          : LUT
RAM Extraction                     : Yes
RAM Style                          : Auto
ROM Extraction                     : Yes
Mux Style                          : Auto
Decoder Extraction                 : YES
Priority Encoder Extraction        : Yes
Shift Register Extraction          : YES
Logical Shifter Extraction         : YES
XOR Collapsing                     : YES
ROM Style                          : Auto
Mux Extraction                     : Yes
Resource Sharing                   : YES
Asynchronous To Synchronous        : NO
Multiplier Style                   : Auto
Automatic Register Balancing       : No

---- Target Options
Add IO Buffers                     : YES
Global Maximum Fanout              : 100000
Add Generic Clock Buffer(BUFG)     : 24
Register Duplication               : YES
Slice Packing                      : YES
Optimize Instantiated Primitives   : NO
Use Clock Enable                   : Yes
Use Synchronous Set                : Yes
Use Synchronous Reset              : Yes
Pack IO Registers into IOBs        : Auto
Equivalent register Removal        : YES

---- General Options
Optimization Goal                  : Speed
Optimization Effort                : 1
Keep Hierarchy                     : No
Netlist Hierarchy                  : As_Optimized
RTL Output                         : Yes
Global Optimization                : AllClockNets
Read Cores                         : YES
Write Timing Constraints           : NO
Cross Clock Analysis               : NO
Hierarchy Separator                : /
Bus Delimiter                      : <>
Case Specifier                     : Maintain
Slice Utilization Ratio            : 100
BRAM Utilization Ratio             : 100
Verilog 2001                       : YES
Auto BRAM Packing                  : NO
Slice Utilization Ratio Delta      : 5

=========================================================================


=========================================================================
*                          HDL Compilation                              *
=========================================================================
Compiling vhdl file "C:/Users/Ivan/Documents/FPGA/Prac_2/frqDiv2.vhd" in Library work.
Architecture structural of Entity frqdiv2 is up to date.
Compiling vhdl file "C:/Users/Ivan/Documents/FPGA/Prac_2/frqDivN.vhd" in Library work.
Entity <frqdivn> compiled.
Entity <frqdivn> (Architecture <structural>) compiled.
Compiling vhdl file "C:/Users/Ivan/Documents/FPGA/Prac_2/cnt4bit.vhd" in Library work.
Architecture structural of Entity cnt4bit is up to date.
Compiling vhdl file "C:/Users/Ivan/Documents/FPGA/Prac_2/sgm.vhd" in Library work.
Architecture structural of Entity sgm is up to date.
Compiling vhdl file "C:/Users/Ivan/Documents/FPGA/Prac_2/Pra_2_top.vhd" in Library work.
Architecture behavioral of Entity prac_2_top is up to date.

=========================================================================
*                     Design Hierarchy Analysis                         *
=========================================================================
Analyzing hierarchy for entity <Prac_2_top> in library <work> (architecture <behavioral>).

Analyzing hierarchy for entity <frqDivN> in library <work> (architecture <structural>).

Analyzing hierarchy for entity <cnt4bit> in library <work> (architecture <structural>).

Analyzing hierarchy for entity <SGM> in library <work> (architecture <structural>).

Analyzing hierarchy for entity <frqDiv2> in library <work> (architecture <structural>).


=========================================================================
*                            HDL Analysis                               *
=========================================================================
Analyzing Entity <Prac_2_top> in library <work> (Architecture <behavioral>).
WARNING:Xst:2211 - "C:/Users/Ivan/Documents/FPGA/Prac_2/Pra_2_top.vhd" line 55: Instantiating black box module <bufg>.
WARNING:Xst:753 - "C:/Users/Ivan/Documents/FPGA/Prac_2/Pra_2_top.vhd" line 60: Unconnected output port 'ckDiv' of component 'frqDivN'.
Entity <Prac_2_top> analyzed. Unit <Prac_2_top> generated.

Analyzing Entity <frqDivN> in library <work> (Architecture <structural>).
Entity <frqDivN> analyzed. Unit <frqDivN> generated.

Analyzing Entity <frqDiv2> in library <work> (Architecture <structural>).
Entity <frqDiv2> analyzed. Unit <frqDiv2> generated.

Analyzing Entity <cnt4bit> in library <work> (Architecture <structural>).
Entity <cnt4bit> analyzed. Unit <cnt4bit> generated.

Analyzing Entity <SGM> in library <work> (Architecture <structural>).
Entity <SGM> analyzed. Unit <SGM> generated.


=========================================================================
*                           HDL Synthesis                               *
=========================================================================

Performing bidirectional port resolution...

Synthesizing Unit <cnt4bit>.
    Related source file is "C:/Users/Ivan/Documents/FPGA/Prac_2/cnt4bit.vhd".
    Found 4-bit register for signal <D_OUT_TEMP>.
    Found 1-bit xor2 for signal <D_OUT_TEMP_1$xor0000> created at line 22.
    Found 1-bit xor2 for signal <D_OUT_TEMP_2$xor0000> created at line 23.
    Found 1-bit xor2 for signal <D_OUT_TEMP_3$xor0000> created at line 24.
    Summary:
	inferred   4 D-type flip-flop(s).
Unit <cnt4bit> synthesized.


Synthesizing Unit <SGM>.
    Related source file is "C:/Users/Ivan/Documents/FPGA/Prac_2/sgm.vhd".
    Found 128x14-bit ROM for signal <dec2Sgm$mux0001> created at line 22.
    Found 14-bit register for signal <dec2Sgm>.
    Summary:
	inferred   1 ROM(s).
	inferred  14 D-type flip-flop(s).
Unit <SGM> synthesized.


Synthesizing Unit <frqDiv2>.
    Related source file is "C:/Users/Ivan/Documents/FPGA/Prac_2/frqDiv2.vhd".
    Found 1-bit register for signal <CK_OUT_TMP>.
    Found 1-bit register for signal <dLt>.
    Summary:
	inferred   2 D-type flip-flop(s).
Unit <frqDiv2> synthesized.


Synthesizing Unit <frqDivN>.
    Related source file is "C:/Users/Ivan/Documents/FPGA/Prac_2/frqDivN.vhd".
    Found 1-bit register for signal <ckRg>.
    Found 1-bit register for signal <Rg>.
    Summary:
	inferred   2 D-type flip-flop(s).
Unit <frqDivN> synthesized.


Synthesizing Unit <Prac_2_top>.
    Related source file is "C:/Users/Ivan/Documents/FPGA/Prac_2/Pra_2_top.vhd".
WARNING:Xst:653 - Signal <cntTempOut<6:4>> is used but never assigned. This sourceless signal will be automatically connected to value 000.
WARNING:Xst:1780 - Signal <cntTempIn> is never used or assigned. This unconnected signal will be trimmed during the optimization process.
Unit <Prac_2_top> synthesized.


=========================================================================
HDL Synthesis Report

Macro Statistics
# ROMs                                                 : 1
 128x14-bit ROM                                        : 1
# Registers                                            : 55
 1-bit register                                        : 54
 14-bit register                                       : 1
# Xors                                                 : 3
 1-bit xor2                                            : 3

=========================================================================

=========================================================================
*                       Advanced HDL Synthesis                          *
=========================================================================


Synthesizing (advanced) Unit <SGM>.
INFO:Xst:3044 - The ROM <Mrom_dec2Sgm_mux0001> will be implemented as a read-only BLOCK RAM, absorbing the register: <dec2Sgm>.
INFO:Xst:3225 - The RAM <Mrom_dec2Sgm_mux0001> will be implemented as BLOCK RAM
    -----------------------------------------------------------------------
    | ram_type           | Block                               |          |
    -----------------------------------------------------------------------
    | Port A                                                              |
    |     aspect ratio   | 128-word x 14-bit                   |          |
    |     mode           | write-first                         |          |
    |     clkA           | connected to signal <ckIn>          | rise     |
    |     enA            | connected to signal <ckEn>          | high     |
    |     weA            | connected to signal <GND>           | high     |
    |     addrA          | connected to signal <SeL>           |          |
    |     diA            | connected to signal <GND>           |          |
    |     doA            | connected to signal <dec2Sgm>       |          |
    -----------------------------------------------------------------------
    | optimization       | speed                               |          |
    -----------------------------------------------------------------------
Unit <SGM> synthesized (advanced).

=========================================================================
Advanced HDL Synthesis Report

Macro Statistics
# RAMs                                                 : 1
 128x14-bit single-port block RAM                      : 1
# Registers                                            : 54
 Flip-Flops                                            : 54
# Xors                                                 : 3
 1-bit xor2                                            : 3

=========================================================================

=========================================================================
*                         Low Level Synthesis                           *
=========================================================================

Optimizing unit <Prac_2_top> ...

Optimizing unit <cnt4bit> ...

Optimizing unit <frqDivN> ...

Mapping all equations...
Building and optimizing final netlist ...
Found area constraint ratio of 100 (+ 5) on block Prac_2_top, actual ratio is 0.

Final Macro Processing ...

=========================================================================
Final Register Report

Macro Statistics
# Registers                                            : 54
 Flip-Flops                                            : 54

=========================================================================

=========================================================================
*                           Partition Report                            *
=========================================================================

Partition Implementation Status
-------------------------------

  No Partitions were found in this design.

-------------------------------

=========================================================================
*                            Final Report                               *
=========================================================================
Final Results
RTL Top Level Output File Name     : Prac_2_top.ngr
Top Level Output File Name         : Prac_2_top
Output Format                      : NGC
Optimization Goal                  : Speed
Keep Hierarchy                     : No

Design Statistics
# IOs                              : 20

Cell Usage :
# BELS                             : 55
#      GND                         : 1
#      INV                         : 25
#      LUT2                        : 26
#      LUT3                        : 1
#      LUT4                        : 1
#      VCC                         : 1
# FlipFlops/Latches                : 54
#      FD                          : 25
#      FDE                         : 28
#      FDR                         : 1
# RAMS                             : 1
#      RAMB16_S18                  : 1
# Clock Buffers                    : 1
#      BUFG                        : 1
# IO Buffers                       : 20
#      IBUFG                       : 1
#      OBUF                        : 19
=========================================================================

Device utilization summary:
---------------------------

Selected Device : 3s500eft256-5 

 Number of Slices:                       31  out of   4656     0%  
 Number of Slice Flip Flops:             54  out of   9312     0%  
 Number of 4 input LUTs:                 53  out of   9312     0%  
 Number of IOs:                          20
 Number of bonded IOBs:                  20  out of    190    10%  
 Number of BRAMs:                         1  out of     20     5%  
 Number of GCLKs:                         1  out of     24     4%  

---------------------------
Partition Resource Summary:
---------------------------

  No Partitions were found in this design.

---------------------------


=========================================================================
TIMING REPORT

NOTE: THESE TIMING NUMBERS ARE ONLY A SYNTHESIS ESTIMATE.
      FOR ACCURATE TIMING INFORMATION PLEASE REFER TO THE TRACE REPORT
      GENERATED AFTER PLACE-and-ROUTE.

Clock Information:
------------------
-----------------------------------+------------------------+-------+
Clock Signal                       | Clock buffer(FF name)  | Load  |
-----------------------------------+------------------------+-------+
ckIn                               | IBUFG+BUFG             | 55    |
-----------------------------------+------------------------+-------+

Asynchronous Control Signals Information:
----------------------------------------
No asynchronous control signals found in this design

Timing Summary:
---------------
Speed Grade: -5

   Minimum period: 2.854ns (Maximum Frequency: 350.336MHz)
   Minimum input arrival time before clock: No path found
   Maximum output required time after clock: 5.962ns
   Maximum combinational path delay: No path found

Timing Detail:
--------------
All values displayed in nanoseconds (ns)

=========================================================================
Timing constraint: Default period analysis for Clock 'ckIn'
  Clock period: 2.854ns (frequency: 350.336MHz)
  Total number of paths / destination ports: 122 / 87
-------------------------------------------------------------------------
Delay:               2.854ns (Levels of Logic = 1)
  Source:            freqDiv/frqDiv2_24/CK_OUT_TMP (FF)
  Destination:       seInd/Mrom_dec2Sgm_mux0001 (RAM)
  Source Clock:      ckIn rising
  Destination Clock: ckIn rising

  Data Path: freqDiv/frqDiv2_24/CK_OUT_TMP to seInd/Mrom_dec2Sgm_mux0001
                                Gate     Net
    Cell:in->out      fanout   Delay   Delay  Logical Name (Net Name)
    ----------------------------------------  ------------
     FDE:C->Q              3   0.514   0.520  freqDiv/frqDiv2_24/CK_OUT_TMP (freqDiv/frqDiv2_24/CK_OUT_TMP)
     LUT2:I1->O            5   0.612   0.538  freqDiv/ckEn1 (ckEn)
     RAMB16_S18:EN             0.670          seInd/Mrom_dec2Sgm_mux0001
    ----------------------------------------
    Total                      2.854ns (1.796ns logic, 1.058ns route)
                                       (62.9% logic, 37.1% route)

=========================================================================
Timing constraint: Default OFFSET OUT AFTER for Clock 'ckIn'
  Total number of paths / destination ports: 18 / 18
-------------------------------------------------------------------------
Offset:              5.962ns (Levels of Logic = 1)
  Source:            seInd/Mrom_dec2Sgm_mux0001 (RAM)
  Destination:       Sg<13> (PAD)
  Source Clock:      ckIn rising

  Data Path: seInd/Mrom_dec2Sgm_mux0001 to Sg<13>
                                Gate     Net
    Cell:in->out      fanout   Delay   Delay  Logical Name (Net Name)
    ----------------------------------------  ------------
     RAMB16_S18:CLK->DO13    1   2.436   0.357  seInd/Mrom_dec2Sgm_mux0001 (Sg_13_OBUF)
     OBUF:I->O                 3.169          Sg_13_OBUF (Sg<13>)
    ----------------------------------------
    Total                      5.962ns (5.605ns logic, 0.357ns route)
                                       (94.0% logic, 6.0% route)

=========================================================================


Total REAL time to Xst completion: 11.00 secs
Total CPU time to Xst completion: 11.02 secs
 
--> 

Total memory usage is 4531008 kilobytes

Number of errors   :    0 (   0 filtered)
Number of warnings :    4 (   0 filtered)
Number of infos    :    2 (   0 filtered)

