Release 14.7 Map P.20131013 (nt64)
Xilinx Mapping Report File for Design 'LCeLLS'

Design Information
------------------
Command Line   : map -intstyle ise -p xc3s500e-ft256-4 -cm area -ir off -pr off
-c 100 -o LCeLLS_map.ncd LCeLLS.ngd LCeLLS.pcf 
Target Device  : xc3s500e
Target Package : ft256
Target Speed   : -4
Mapper Version : spartan3e -- $Revision: 1.55 $
Mapped Date    : Thu Dec 08 21:55:47 2022

Design Summary
--------------
Number of errors   :   2
Number of warnings :   0

Section 1 - Errors
------------------
ERROR:Map:116 - The design is empty.  No processing will be done.
ERROR:Map:52 - Problem encountered processing RPMs. 

Section 2 - Warnings
--------------------

Section 3 - Informational
-------------------------
