Release 14.7 - xst P.20131013 (nt64)
Copyright (c) 1995-2013 Xilinx, Inc.  All rights reserved.
--> Parameter TMPDIR set to xst/projnav.tmp


Total REAL time to Xst completion: 0.00 secs
Total CPU time to Xst completion: 0.12 secs
 
--> Parameter xsthdpdir set to xst


Total REAL time to Xst completion: 0.00 secs
Total CPU time to Xst completion: 0.12 secs
 
--> Reading design: LCeLLS.prj

TABLE OF CONTENTS
  1) Synthesis Options Summary
  2) HDL Compilation
  3) Design Hierarchy Analysis
  4) HDL Analysis
  5) HDL Synthesis
     5.1) HDL Synthesis Report
  6) Advanced HDL Synthesis
     6.1) Advanced HDL Synthesis Report
  7) Low Level Synthesis
  8) Partition Report
  9) Final Report
	9.1) Device utilization summary
	9.2) Partition Resource Summary
	9.3) TIMING REPORT


=========================================================================
*                      Synthesis Options Summary                        *
=========================================================================
---- Source Parameters
Input File Name                    : "LCeLLS.prj"
Input Format                       : mixed
Ignore Synthesis Constraint File   : NO

---- Target Parameters
Output File Name                   : "LCeLLS"
Output Format                      : NGC
Target Device                      : xc3s500e-4-ft256

---- Source Options
Top Module Name                    : LCeLLS
Automatic FSM Extraction           : YES
FSM Encoding Algorithm             : Auto
Safe Implementation                : No
FSM Style                          : LUT
RAM Extraction                     : Yes
RAM Style                          : Auto
ROM Extraction                     : Yes
Mux Style                          : Auto
Decoder Extraction                 : YES
Priority Encoder Extraction        : Yes
Shift Register Extraction          : YES
Logical Shifter Extraction         : YES
XOR Collapsing                     : YES
ROM Style                          : Auto
Mux Extraction                     : Yes
Resource Sharing                   : YES
Asynchronous To Synchronous        : NO
Multiplier Style                   : Auto
Automatic Register Balancing       : No

---- Target Options
Add IO Buffers                     : YES
Global Maximum Fanout              : 100000
Add Generic Clock Buffer(BUFG)     : 24
Register Duplication               : YES
Slice Packing                      : YES
Optimize Instantiated Primitives   : NO
Use Clock Enable                   : Yes
Use Synchronous Set                : Yes
Use Synchronous Reset              : Yes
Pack IO Registers into IOBs        : Auto
Equivalent register Removal        : YES

---- General Options
Optimization Goal                  : Speed
Optimization Effort                : 1
Keep Hierarchy                     : No
Netlist Hierarchy                  : As_Optimized
RTL Output                         : Yes
Global Optimization                : AllClockNets
Read Cores                         : YES
Write Timing Constraints           : NO
Cross Clock Analysis               : NO
Hierarchy Separator                : /
Bus Delimiter                      : <>
Case Specifier                     : Maintain
Slice Utilization Ratio            : 100
BRAM Utilization Ratio             : 100
Verilog 2001                       : YES
Auto BRAM Packing                  : NO
Slice Utilization Ratio Delta      : 5

=========================================================================


=========================================================================
*                          HDL Compilation                              *
=========================================================================
Compiling vhdl file "C:/Users/Ivan/Documents/FPGA/LFSR/eLCeLL.vhd" in Library work.
Entity <elcell> compiled.
Entity <elcell> (Architecture <structural>) compiled.
Compiling vhdl file "C:/Users/Ivan/Documents/FPGA/LFSR/LCeLLS.vhd" in Library work.
Entity <lcells> compiled.
Entity <lcells> (Architecture <structural>) compiled.

=========================================================================
*                     Design Hierarchy Analysis                         *
=========================================================================
Analyzing hierarchy for entity <LCeLLS> in library <work> (architecture <structural>).

Analyzing hierarchy for entity <eLCeLL> in library <work> (architecture <structural>).


=========================================================================
*                            HDL Analysis                               *
=========================================================================
Analyzing Entity <LCeLLS> in library <work> (Architecture <structural>).
Entity <LCeLLS> analyzed. Unit <LCeLLS> generated.

Analyzing Entity <eLCeLL> in library <work> (Architecture <structural>).
Entity <eLCeLL> analyzed. Unit <eLCeLL> generated.


=========================================================================
*                           HDL Synthesis                               *
=========================================================================

Performing bidirectional port resolution...

Synthesizing Unit <eLCeLL>.
    Related source file is "C:/Users/Ivan/Documents/FPGA/LFSR/eLCeLL.vhd".
    Found 1-bit register for signal <outCell>.
    Found 1-bit xor2 for signal <outCell$xor0000> created at line 51.
    Summary:
	inferred   1 D-type flip-flop(s).
Unit <eLCeLL> synthesized.


Synthesizing Unit <LCeLLS>.
    Related source file is "C:/Users/Ivan/Documents/FPGA/LFSR/LCeLLS.vhd".
    Found 7-bit register for signal <delayReg>.
    Summary:
	inferred   7 D-type flip-flop(s).
Unit <LCeLLS> synthesized.


=========================================================================
HDL Synthesis Report

Macro Statistics
# Registers                                            : 7
 1-bit register                                        : 6
 7-bit register                                        : 1
# Xors                                                 : 6
 1-bit xor2                                            : 6

=========================================================================

=========================================================================
*                       Advanced HDL Synthesis                          *
=========================================================================

WARNING:Xst:1426 - The value init of the FF/Latch delayReg_0 hinder the constant cleaning in the block LCeLLS.
   You should achieve better results by setting this init to 0.

=========================================================================
Advanced HDL Synthesis Report

Macro Statistics
# Registers                                            : 13
 Flip-Flops                                            : 13
# Xors                                                 : 6
 1-bit xor2                                            : 6

=========================================================================

=========================================================================
*                         Low Level Synthesis                           *
=========================================================================
WARNING:Xst:1426 - The value init of the FF/Latch delayReg_0 hinder the constant cleaning in the block LCeLLS.
   You should achieve better results by setting this init to 0.

Optimizing unit <LCeLLS> ...

Mapping all equations...
Building and optimizing final netlist ...
Found area constraint ratio of 100 (+ 5) on block LCeLLS, actual ratio is 0.
FlipFlop delayReg_0 has been replicated 1 time(s) to handle iob=true attribute.

Final Macro Processing ...

=========================================================================
Final Register Report

Macro Statistics
# Registers                                            : 14
 Flip-Flops                                            : 14

=========================================================================

=========================================================================
*                           Partition Report                            *
=========================================================================

Partition Implementation Status
-------------------------------

  No Partitions were found in this design.

-------------------------------

=========================================================================
*                            Final Report                               *
=========================================================================
Final Results
RTL Top Level Output File Name     : LCeLLS.ngr
Top Level Output File Name         : LCeLLS
Output Format                      : NGC
Optimization Goal                  : Speed
Keep Hierarchy                     : No

Design Statistics
# IOs                              : 23

Cell Usage :
# BELS                             : 1
#      GND                         : 1
# FlipFlops/Latches                : 14
#      FD                          : 8
#      FDR                         : 4
#      FDS                         : 2
# Clock Buffers                    : 1
#      BUFGP                       : 1
# IO Buffers                       : 22
#      OBUF                        : 22
=========================================================================

Device utilization summary:
---------------------------

Selected Device : 3s500eft256-4 

 Number of Slices:                        7  out of   4656     0%  
 Number of Slice Flip Flops:             13  out of   9312     0%  
 Number of IOs:                          23
 Number of bonded IOBs:                  23  out of    190    12%  
    IOB Flip Flops:                       1
 Number of GCLKs:                         1  out of     24     4%  

---------------------------
Partition Resource Summary:
---------------------------

  No Partitions were found in this design.

---------------------------


=========================================================================
TIMING REPORT

NOTE: THESE TIMING NUMBERS ARE ONLY A SYNTHESIS ESTIMATE.
      FOR ACCURATE TIMING INFORMATION PLEASE REFER TO THE TRACE REPORT
      GENERATED AFTER PLACE-and-ROUTE.

Clock Information:
------------------
-----------------------------------+------------------------+-------+
Clock Signal                       | Clock buffer(FF name)  | Load  |
-----------------------------------+------------------------+-------+
ck                                 | BUFGP                  | 14    |
-----------------------------------+------------------------+-------+

Asynchronous Control Signals Information:
----------------------------------------
No asynchronous control signals found in this design

Timing Summary:
---------------
Speed Grade: -4

   Minimum period: 2.210ns (Maximum Frequency: 452.489MHz)
   Minimum input arrival time before clock: No path found
   Maximum output required time after clock: 4.683ns
   Maximum combinational path delay: No path found

Timing Detail:
--------------
All values displayed in nanoseconds (ns)

=========================================================================
Timing constraint: Default period analysis for Clock 'ck'
  Clock period: 2.210ns (frequency: 452.489MHz)
  Total number of paths / destination ports: 18 / 18
-------------------------------------------------------------------------
Delay:               2.210ns (Levels of Logic = 0)
  Source:            delayReg_0 (FF)
  Destination:       LFSR_6/outCell (FF)
  Source Clock:      ck rising
  Destination Clock: ck rising

  Data Path: delayReg_0 to LFSR_6/outCell
                                Gate     Net
    Cell:in->out      fanout   Delay   Delay  Logical Name (Net Name)
    ----------------------------------------  ------------
     FD:C->Q               7   0.591   0.708  delayReg_0 (delayReg_0)
     FDR:R                     0.911          LFSR_6/outCell
    ----------------------------------------
    Total                      2.210ns (1.502ns logic, 0.708ns route)
                                       (68.0% logic, 32.0% route)

=========================================================================
Timing constraint: Default OFFSET OUT AFTER for Clock 'ck'
  Total number of paths / destination ports: 21 / 21
-------------------------------------------------------------------------
Offset:              4.683ns (Levels of Logic = 1)
  Source:            delayReg_6 (FF)
  Destination:       sgm<14> (PAD)
  Source Clock:      ck rising

  Data Path: delayReg_6 to sgm<14>
                                Gate     Net
    Cell:in->out      fanout   Delay   Delay  Logical Name (Net Name)
    ----------------------------------------  ------------
     FD:C->Q               9   0.591   0.820  delayReg_6 (delayReg_6)
     OBUF:I->O                 3.272          sgm_14_OBUF (sgm<14>)
    ----------------------------------------
    Total                      4.683ns (3.863ns logic, 0.820ns route)
                                       (82.5% logic, 17.5% route)

=========================================================================


Total REAL time to Xst completion: 7.00 secs
Total CPU time to Xst completion: 6.73 secs
 
--> 

Total memory usage is 4514748 kilobytes

Number of errors   :    0 (   0 filtered)
Number of warnings :    2 (   0 filtered)
Number of infos    :    0 (   0 filtered)

