--------------------------------------------------------------------------------
Release 14.7 Trace  (nt64)
Copyright (c) 1995-2013 Xilinx, Inc.  All rights reserved.

C:\Xilinx\14.7\ISE_DS\ISE\bin\nt64\unwrapped\trce.exe -intstyle ise -v 3 -s 4
-n 3 -fastpaths -xml LCeLLS.twx LCeLLS.ncd -o LCeLLS.twr LCeLLS.pcf

Design file:              LCeLLS.ncd
Physical constraint file: LCeLLS.pcf
Device,package,speed:     xc3s500e,ft256,-4 (PRODUCTION 1.27 2013-10-13)
Report level:             verbose report

Environment Variable      Effect 
--------------------      ------ 
NONE                      No environment variables were set
--------------------------------------------------------------------------------

INFO:Timing:2698 - No timing constraints found, doing default enumeration.
INFO:Timing:3412 - To improve timing, see the Timing Closure User Guide (UG612).
INFO:Timing:2752 - To get complete path coverage, use the unconstrained paths 
   option. All paths that are not constrained will be reported in the 
   unconstrained paths section(s) of the report.
INFO:Timing:3339 - The clock-to-out numbers in this timing report are based on 
   a 50 Ohm transmission line loading model.  For the details of this model, 
   and for more information on accounting for different loading conditions, 
   please see the device datasheet.
INFO:Timing:3390 - This architecture does not support a default System Jitter 
   value, please add SYSTEM_JITTER constraint to the UCF to modify the Clock 
   Uncertainty calculation.
INFO:Timing:3389 - This architecture does not support 'Discrete Jitter' and 
   'Phase Error' calculations, these terms will be zero in the Clock 
   Uncertainty calculation.  Please make appropriate modification to 
   SYSTEM_JITTER to account for the unsupported Discrete Jitter and Phase 
   Error.



Data Sheet report:
-----------------
All values displayed in nanoseconds (ns)

Clock ck to Pad
------------+------------+------------------+--------+
            | clk (edge) |                  | Clock  |
Destination |   to PAD   |Internal Clock(s) | Phase  |
------------+------------+------------------+--------+
leds<0>     |    8.330(R)|ck_BUFGP          |   0.000|
leds<1>     |    7.993(R)|ck_BUFGP          |   0.000|
leds<2>     |    7.521(R)|ck_BUFGP          |   0.000|
leds<3>     |    7.789(R)|ck_BUFGP          |   0.000|
leds<4>     |    7.705(R)|ck_BUFGP          |   0.000|
leds<5>     |    8.135(R)|ck_BUFGP          |   0.000|
sgm<0>      |    6.165(R)|ck_BUFGP          |   0.000|
sgm<1>      |    7.767(R)|ck_BUFGP          |   0.000|
sgm<2>      |    7.797(R)|ck_BUFGP          |   0.000|
sgm<3>      |    8.307(R)|ck_BUFGP          |   0.000|
sgm<4>      |    7.243(R)|ck_BUFGP          |   0.000|
sgm<5>      |    7.201(R)|ck_BUFGP          |   0.000|
sgm<6>      |    7.891(R)|ck_BUFGP          |   0.000|
sgm<7>      |    8.145(R)|ck_BUFGP          |   0.000|
sgm<8>      |    8.390(R)|ck_BUFGP          |   0.000|
sgm<9>      |    8.447(R)|ck_BUFGP          |   0.000|
sgm<10>     |    8.447(R)|ck_BUFGP          |   0.000|
sgm<11>     |    8.320(R)|ck_BUFGP          |   0.000|
sgm<12>     |    8.553(R)|ck_BUFGP          |   0.000|
sgm<13>     |    8.566(R)|ck_BUFGP          |   0.000|
sgm<14>     |    8.455(R)|ck_BUFGP          |   0.000|
------------+------------+------------------+--------+

Clock to Setup on destination clock ck
---------------+---------+---------+---------+---------+
               | Src:Rise| Src:Fall| Src:Rise| Src:Fall|
Source Clock   |Dest:Rise|Dest:Rise|Dest:Fall|Dest:Fall|
---------------+---------+---------+---------+---------+
ck             |    2.263|         |         |         |
---------------+---------+---------+---------+---------+


Analysis completed Tue Dec 13 00:29:22 2022 
--------------------------------------------------------------------------------

Trace Settings:
-------------------------
Trace Settings 

Peak Memory Usage: 4509 MB



