#-----------------------------------------------------------
# PlanAhead v14.6 (64-bit)
# Build 269223 by xbuild on Wed Jun  5 11:14:03 MDT 2013
# Start of session at: Fri Oct 14 11:31:34 2022
# Process ID: 4752
# Log file: C:/Users/st75026/Downloads/FPGA/FPGA/Lab_1/planAhead_run_1/planAhead.log
# Journal file: C:/Users/st75026/Downloads/FPGA/FPGA/Lab_1/planAhead_run_1/planAhead.jou
#-----------------------------------------------------------
INFO: [Common 17-78] Attempting to get a license: PlanAhead
INFO: [Common 17-290] Got license for PlanAhead
INFO: [Common 17-86] Your PlanAhead license expires in -2935 day(s)
INFO: [Device 21-36] Loading parts and site information from D:/Xilinx/14.6/ISE_DS/PlanAhead/data/parts/arch.xml
Parsing RTL primitives file [D:/Xilinx/14.6/ISE_DS/PlanAhead/data/parts/xilinx/rtl/prims/rtl_prims.xml]
Finished parsing RTL primitives file [D:/Xilinx/14.6/ISE_DS/PlanAhead/data/parts/xilinx/rtl/prims/rtl_prims.xml]
start_gui
source C:/Users/st75026/Downloads/FPGA/FPGA/Lab_1/pa.fromNetlist.tcl
# create_project -name Lab_1 -dir "C:/Users/st75026/Downloads/FPGA/FPGA/Lab_1/planAhead_run_4" -part xc3s500eft256-5
create_project: Time (s): elapsed = 00:00:06 . Memory (MB): peak = 392.977 ; gain = 64.613
# set_property design_mode GateLvl [get_property srcset [current_run -impl]]
# set_property edif_top_file "C:/Users/st75026/Downloads/FPGA/FPGA/Lab_1/main.ngc" [ get_property srcset [ current_run ] ]
# add_files -norecurse { {C:/Users/st75026/Downloads/FPGA/FPGA/Lab_1} }
# set_property target_constrs_file "pinOut.ucf" [current_fileset -constrset]
Adding file 'C:/Users/st75026/Downloads/FPGA/FPGA/Lab_1/pinOut.ucf' to fileset 'constrs_1'
# add_files [list {pinOut.ucf}] -fileset [get_property constrset [current_run]]
# link_design
Design is defaulting to srcset: sources_1
Design is defaulting to constrset: constrs_1
Design is defaulting to project part: xc3s500eft256-5
INFO: [Common 17-41] Interrupt caught. Command should exit soon.
Release 14.6 - ngc2edif P.68d (nt64)
Copyright (c) 1995-2013 Xilinx, Inc.  All rights reserved.
Reading design main.ngc ...
WARNING:NetListWriters:298 - No output is written to main.xncf, ignored.
Processing design ...
   Preping design's networks ...
   Preping design's macros ...
  finished :Prep
Writing EDIF netlist file main.edif ...
ngc2edif: Total memory usage is 78392 kilobytes

Parsing EDIF File [./planAhead_run_4/Lab_1.data/cache/main_ngc_zx.edif]
INFO: [Common 17-344] 'link_design' was cancelled
INFO: [Common 17-344] 'source' was cancelled
exit
ERROR: [PlanAhead 12-106] *** Exception: ui.h.b: Found deleted key in HTclEventBroker. Verify if the classes listed here call cleanup()
HTclEvent: DEBUG_CORE_CONFIG_CHANGE   Classes: ui.views.aR 
HTclEvent: SIGNAL_MODIFY   Classes: ui.views.aR 
HTclEvent: DEBUG_PORT_CONFIG_CHANGE   Classes: ui.views.aR 
HTclEvent: SIGNAL_BUS_MODIFY   Classes: ui.views.aR 
 (See C:/Users/st75026/Downloads/FPGA/FPGA/Lab_1\planAhead_pid4752.debug)
ERROR: [Common 17-39] 'stop_gui' failed due to earlier errors.
INFO: [Common 17-206] Exiting PlanAhead at Fri Oct 14 11:32:50 2022...
INFO: [Common 17-83] Releasing license: PlanAhead
