Command line:
   Prac_2_top_isim_beh.exe
     -simmode  gui
     -simrunnum  0
     -socket  63622

Fri Nov 04 13:50:54 2022


 Elaboration Time: 0.03125 sec

 Current Memory Usage: 5150.2 Meg

 Total Signals          : 186
 Total Nets             : 144
 Total Signal Drivers   : 100
 Total Blocks           : 30
 Total Primitive Blocks : 28
 Total Processes        : 98
 Total Traceable Variables  : 8
 Total Scalar Nets and Variables : 504
Total Line Count : 193

 Total Simulation Time: 0.046875 sec

 Current Memory Usage: 5150.2 Meg

Fri Nov 04 13:50:56 2022

